1650309127520	geckodriver	INFO	Listening on 127.0.0.1:58521
1650309127524	mozrunner::runner	INFO	Running command: "/usr/bin/firefox" "--marionette" "-headless" "-no-remote" "-profile" "/tmp/rust_mozprofilerpm8IU"
*** You are running in headless mode.
1650309127744	Marionette	INFO	Marionette enabled
[GFX1-]: RenderCompositorSWGL failed mapping default framebuffer, no dt
console.warn: SearchSettings: "get: No settings file exists, new profile?" (new NotFoundError("Could not open the file at /tmp/rust_mozprofilerpm8IU/search.json.mozlz4", (void 0)))
1650309128636	Marionette	INFO	Listening on port 42047
1650309128744	RemoteAgent	WARN	TLS certificate errors will be ignored for this session
1650309130903	Marionette	INFO	Stopped listening on port 42047
JavaScript error: resource:///modules/Interactions.jsm, line 209: NS_ERROR_FAILURE: Component returned failure code: 0x80004005 (NS_ERROR_FAILURE) [nsIUserIdleService.removeIdleObserver]
1650309137582	geckodriver	INFO	Listening on 127.0.0.1:40721
1650309137585	mozrunner::runner	INFO	Running command: "/usr/bin/firefox" "--marionette" "-headless" "-no-remote" "-profile" "/tmp/rust_mozprofileBuBbvO"
*** You are running in headless mode.
1650309137821	Marionette	INFO	Marionette enabled
[GFX1-]: RenderCompositorSWGL failed mapping default framebuffer, no dt
console.warn: SearchSettings: "get: No settings file exists, new profile?" (new NotFoundError("Could not open the file at /tmp/rust_mozprofileBuBbvO/search.json.mozlz4", (void 0)))
1650309138824	Marionette	INFO	Listening on port 33645
1650309138906	RemoteAgent	WARN	TLS certificate errors will be ignored for this session
1650309144333	Marionette	INFO	Stopped listening on port 33645
JavaScript error: resource:///modules/Interactions.jsm, line 209: NS_ERROR_FAILURE: Component returned failure code: 0x80004005 (NS_ERROR_FAILURE) [nsIUserIdleService.removeIdleObserver]
1650309144695	geckodriver	INFO	Listening on 127.0.0.1:48465
1650309144698	mozrunner::runner	INFO	Running command: "/usr/bin/firefox" "--marionette" "-headless" "-no-remote" "-profile" "/tmp/rust_mozprofileUxyVKz"
*** You are running in headless mode.
1650309144911	Marionette	INFO	Marionette enabled
[GFX1-]: RenderCompositorSWGL failed mapping default framebuffer, no dt
console.warn: SearchSettings: "get: No settings file exists, new profile?" (new NotFoundError("Could not open the file at /tmp/rust_mozprofileUxyVKz/search.json.mozlz4", (void 0)))
1650309145786	Marionette	INFO	Listening on port 42407
1650309145821	RemoteAgent	WARN	TLS certificate errors will be ignored for this session
1650309150869	Marionette	INFO	Stopped listening on port 42407
JavaScript error: resource:///modules/Interactions.jsm, line 209: NS_ERROR_FAILURE: Component returned failure code: 0x80004005 (NS_ERROR_FAILURE) [nsIUserIdleService.removeIdleObserver]

###!!! [Parent][RunMessage] Error: Channel closing: too late to send/recv, messages will be lost

1650309151235	geckodriver	INFO	Listening on 127.0.0.1:47537
1650309151238	mozrunner::runner	INFO	Running command: "/usr/bin/firefox" "--marionette" "-headless" "-no-remote" "-profile" "/tmp/rust_mozprofile6QoR1t"
*** You are running in headless mode.
1650309151455	Marionette	INFO	Marionette enabled
[GFX1-]: RenderCompositorSWGL failed mapping default framebuffer, no dt
console.warn: SearchSettings: "get: No settings file exists, new profile?" (new NotFoundError("Could not open the file at /tmp/rust_mozprofile6QoR1t/search.json.mozlz4", (void 0)))
1650309152358	Marionette	INFO	Listening on port 34695
1650309152457	RemoteAgent	WARN	TLS certificate errors will be ignored for this session
1650309154235	Marionette	INFO	Stopped listening on port 34695
JavaScript error: resource:///modules/Interactions.jsm, line 209: NS_ERROR_FAILURE: Component returned failure code: 0x80004005 (NS_ERROR_FAILURE) [nsIUserIdleService.removeIdleObserver]
1650309154611	geckodriver	INFO	Listening on 127.0.0.1:56745
1650309154614	mozrunner::runner	INFO	Running command: "/usr/bin/firefox" "--marionette" "-headless" "-no-remote" "-profile" "/tmp/rust_mozprofileLRtVwT"
*** You are running in headless mode.
1650309154832	Marionette	INFO	Marionette enabled
[GFX1-]: RenderCompositorSWGL failed mapping default framebuffer, no dt
console.warn: SearchSettings: "get: No settings file exists, new profile?" (new NotFoundError("Could not open the file at /tmp/rust_mozprofileLRtVwT/search.json.mozlz4", (void 0)))
1650309155744	Marionette	INFO	Listening on port 42373
1650309155833	RemoteAgent	WARN	TLS certificate errors will be ignored for this session
1650309158151	Marionette	INFO	Stopped listening on port 42373
JavaScript error: resource:///modules/Interactions.jsm, line 209: NS_ERROR_FAILURE: Component returned failure code: 0x80004005 (NS_ERROR_FAILURE) [nsIUserIdleService.removeIdleObserver]
